mode: set
catapi/controllers/cat_controller.go:21.58,23.2 1 0
catapi/controllers/cat_controller.go:26.52,27.28 1 0
catapi/controllers/cat_controller.go:27.28,29.6 1 0
catapi/controllers/cat_controller.go:30.5,30.26 1 0
catapi/controllers/cat_controller.go:64.39,69.16 4 0
catapi/controllers/cat_controller.go:69.16,71.3 1 0
catapi/controllers/cat_controller.go:71.8,73.3 1 0
catapi/controllers/cat_controller.go:74.2,74.25 1 0
catapi/controllers/cat_controller.go:77.43,90.9 7 0
catapi/controllers/cat_controller.go:91.29,92.26 1 0
catapi/controllers/cat_controller.go:93.26,94.59 1 0
catapi/controllers/cat_controller.go:97.2,97.15 1 0
catapi/controllers/cat_controller.go:100.37,110.9 6 0
catapi/controllers/cat_controller.go:111.29,112.26 1 0
catapi/controllers/cat_controller.go:113.26,114.59 1 0
catapi/controllers/cat_controller.go:117.2,117.15 1 0
catapi/controllers/cat_controller.go:121.42,137.9 8 0
catapi/controllers/cat_controller.go:138.29,139.26 1 0
catapi/controllers/cat_controller.go:140.26,141.59 1 0
catapi/controllers/cat_controller.go:144.2,144.15 1 0
catapi/controllers/cat_controller.go:148.78,151.16 3 0
catapi/controllers/cat_controller.go:151.16,153.3 1 0
catapi/controllers/cat_controller.go:155.2,159.16 4 0
catapi/controllers/cat_controller.go:159.16,161.3 1 0
catapi/controllers/cat_controller.go:162.2,165.16 3 0
catapi/controllers/cat_controller.go:165.16,167.3 1 0
catapi/controllers/cat_controller.go:169.2,169.28 1 0
catapi/controllers/cat_controller.go:169.28,171.3 1 0
catapi/controllers/cat_controller.go:173.2,175.16 3 0
catapi/controllers/cat_controller.go:175.16,177.3 1 0
catapi/controllers/cat_controller.go:179.2,179.22 1 0
catapi/controllers/cat_controller.go:179.22,181.3 1 0
catapi/controllers/cat_controller.go:183.2,183.27 1 0
catapi/controllers/cat_controller.go:187.112,193.16 5 0
catapi/controllers/cat_controller.go:193.16,196.3 2 0
catapi/controllers/cat_controller.go:198.2,201.16 3 0
catapi/controllers/cat_controller.go:201.16,204.3 2 0
catapi/controllers/cat_controller.go:205.2,208.16 3 0
catapi/controllers/cat_controller.go:208.16,211.3 2 0
catapi/controllers/cat_controller.go:213.2,213.28 1 0
catapi/controllers/cat_controller.go:213.28,216.3 2 0
catapi/controllers/cat_controller.go:218.2,220.16 3 0
catapi/controllers/cat_controller.go:220.16,223.3 2 0
catapi/controllers/cat_controller.go:225.2,225.21 1 0
catapi/controllers/cat_controller.go:229.106,235.19 5 0
catapi/controllers/cat_controller.go:235.19,240.6 4 0
catapi/controllers/cat_controller.go:241.5,244.31 3 0
catapi/controllers/cat_controller.go:244.31,249.6 4 0
catapi/controllers/cat_controller.go:251.5,253.19 3 0
catapi/controllers/cat_controller.go:253.19,258.6 4 0
catapi/controllers/cat_controller.go:260.5,262.21 3 0
catapi/controllers/cat_controller.go:267.123,273.16 5 0
catapi/controllers/cat_controller.go:273.16,278.3 4 0
catapi/controllers/cat_controller.go:279.2,282.28 3 0
catapi/controllers/cat_controller.go:282.28,287.3 4 0
catapi/controllers/cat_controller.go:289.2,291.16 3 0
catapi/controllers/cat_controller.go:291.16,296.3 4 0
catapi/controllers/cat_controller.go:298.2,300.18 3 0
catapi/controllers/cat_controller.go:303.38,308.74 4 0
catapi/controllers/cat_controller.go:308.74,313.3 4 0
catapi/controllers/cat_controller.go:315.2,315.41 1 0
catapi/controllers/cat_controller.go:315.41,320.3 4 0
catapi/controllers/cat_controller.go:323.2,333.16 9 0
catapi/controllers/cat_controller.go:333.16,340.3 6 0
catapi/controllers/cat_controller.go:341.2,346.54 4 0
catapi/controllers/cat_controller.go:346.54,353.3 6 0
catapi/controllers/cat_controller.go:355.2,357.15 3 0
catapi/controllers/cat_controller.go:360.36,370.16 8 0
catapi/controllers/cat_controller.go:370.16,375.3 4 0
catapi/controllers/cat_controller.go:376.2,380.28 3 0
catapi/controllers/cat_controller.go:380.28,385.3 4 0
catapi/controllers/cat_controller.go:387.2,388.54 2 0
catapi/controllers/cat_controller.go:388.54,393.3 4 0
catapi/controllers/cat_controller.go:395.2,396.15 2 0
catapi/controllers/cat_controller.go:399.42,406.81 4 0
catapi/controllers/cat_controller.go:406.81,411.6 4 0
catapi/controllers/cat_controller.go:412.2,412.28 1 0
catapi/controllers/cat_controller.go:412.28,417.6 4 0
catapi/controllers/cat_controller.go:418.5,425.19 7 0
catapi/controllers/cat_controller.go:425.19,427.6 1 0
catapi/controllers/cat_controller.go:428.5,429.19 2 0
catapi/controllers/cat_controller.go:429.19,435.6 5 0
catapi/controllers/cat_controller.go:436.5,439.57 3 0
catapi/controllers/cat_controller.go:439.57,445.6 5 0
catapi/controllers/cat_controller.go:447.5,448.18 2 0
catapi/controllers/cat_controller.go:451.40,460.22 7 0
catapi/controllers/cat_controller.go:460.22,462.6 1 0
catapi/controllers/cat_controller.go:463.5,464.19 2 0
catapi/controllers/cat_controller.go:464.19,469.6 4 0
catapi/controllers/cat_controller.go:470.5,474.31 3 0
catapi/controllers/cat_controller.go:474.31,479.6 4 0
catapi/controllers/cat_controller.go:481.5,482.57 2 0
catapi/controllers/cat_controller.go:482.57,487.6 4 0
catapi/controllers/cat_controller.go:489.5,490.18 2 0
catapi/controllers/cat_controller.go:493.42,504.19 6 0
catapi/controllers/cat_controller.go:504.19,509.6 4 0
catapi/controllers/cat_controller.go:512.5,516.22 3 0
catapi/controllers/cat_controller.go:516.22,518.6 1 0
catapi/controllers/cat_controller.go:519.5,520.19 2 0
catapi/controllers/cat_controller.go:520.19,525.6 4 0
catapi/controllers/cat_controller.go:526.5,529.31 2 0
catapi/controllers/cat_controller.go:529.31,537.6 7 0
catapi/controllers/cat_controller.go:540.5,541.18 2 0
catapi/controllers/default.go:11.32,15.2 3 0
catapi/routers/router.go:8.13,19.2 9 0
catapi/main.go:8.13,10.2 1 0
catapi/controllers/cat_controller.go:21.58,23.2 1 1
catapi/controllers/cat_controller.go:26.52,27.28 1 1
catapi/controllers/cat_controller.go:27.28,29.6 1 1
catapi/controllers/cat_controller.go:30.5,30.26 1 1
catapi/controllers/cat_controller.go:64.39,69.16 4 1
catapi/controllers/cat_controller.go:69.16,71.3 1 0
catapi/controllers/cat_controller.go:71.8,73.3 1 1
catapi/controllers/cat_controller.go:74.2,74.25 1 1
catapi/controllers/cat_controller.go:77.43,90.9 7 1
catapi/controllers/cat_controller.go:91.29,92.26 1 0
catapi/controllers/cat_controller.go:93.26,94.59 1 1
catapi/controllers/cat_controller.go:97.2,97.15 1 1
catapi/controllers/cat_controller.go:100.37,110.9 6 1
catapi/controllers/cat_controller.go:111.29,112.26 1 1
catapi/controllers/cat_controller.go:113.26,114.59 1 0
catapi/controllers/cat_controller.go:117.2,117.15 1 1
catapi/controllers/cat_controller.go:121.42,137.9 8 1
catapi/controllers/cat_controller.go:138.29,139.26 1 1
catapi/controllers/cat_controller.go:140.26,141.59 1 0
catapi/controllers/cat_controller.go:144.2,144.15 1 1
catapi/controllers/cat_controller.go:148.78,151.16 3 1
catapi/controllers/cat_controller.go:151.16,153.3 1 0
catapi/controllers/cat_controller.go:155.2,159.16 4 1
catapi/controllers/cat_controller.go:159.16,161.3 1 0
catapi/controllers/cat_controller.go:162.2,165.16 3 1
catapi/controllers/cat_controller.go:165.16,167.3 1 0
catapi/controllers/cat_controller.go:169.2,169.28 1 1
catapi/controllers/cat_controller.go:169.28,171.3 1 0
catapi/controllers/cat_controller.go:173.2,175.16 3 1
catapi/controllers/cat_controller.go:175.16,177.3 1 0
catapi/controllers/cat_controller.go:179.2,179.22 1 1
catapi/controllers/cat_controller.go:179.22,181.3 1 0
catapi/controllers/cat_controller.go:183.2,183.27 1 1
catapi/controllers/cat_controller.go:187.112,193.16 5 1
catapi/controllers/cat_controller.go:193.16,196.3 2 0
catapi/controllers/cat_controller.go:198.2,201.16 3 1
catapi/controllers/cat_controller.go:201.16,204.3 2 1
catapi/controllers/cat_controller.go:205.2,208.16 3 1
catapi/controllers/cat_controller.go:208.16,211.3 2 0
catapi/controllers/cat_controller.go:213.2,213.28 1 1
catapi/controllers/cat_controller.go:213.28,216.3 2 1
catapi/controllers/cat_controller.go:218.2,220.16 3 1
catapi/controllers/cat_controller.go:220.16,223.3 2 1
catapi/controllers/cat_controller.go:225.2,225.21 1 1
catapi/controllers/cat_controller.go:229.106,235.19 5 1
catapi/controllers/cat_controller.go:235.19,240.6 4 1
catapi/controllers/cat_controller.go:241.5,244.31 3 1
catapi/controllers/cat_controller.go:244.31,249.6 4 1
catapi/controllers/cat_controller.go:251.5,253.19 3 1
catapi/controllers/cat_controller.go:253.19,258.6 4 1
catapi/controllers/cat_controller.go:260.5,262.21 3 1
catapi/controllers/cat_controller.go:267.123,273.16 5 1
catapi/controllers/cat_controller.go:273.16,278.3 4 0
catapi/controllers/cat_controller.go:279.2,282.28 3 1
catapi/controllers/cat_controller.go:282.28,287.3 4 0
catapi/controllers/cat_controller.go:289.2,291.16 3 1
catapi/controllers/cat_controller.go:291.16,296.3 4 0
catapi/controllers/cat_controller.go:298.2,300.18 3 1
catapi/controllers/cat_controller.go:303.38,308.74 4 1
catapi/controllers/cat_controller.go:308.74,313.3 4 0
catapi/controllers/cat_controller.go:315.2,315.41 1 1
catapi/controllers/cat_controller.go:315.41,320.3 4 0
catapi/controllers/cat_controller.go:323.2,333.16 9 1
catapi/controllers/cat_controller.go:333.16,340.3 6 1
catapi/controllers/cat_controller.go:341.2,346.54 4 1
catapi/controllers/cat_controller.go:346.54,353.3 6 1
catapi/controllers/cat_controller.go:355.2,357.15 3 1
catapi/controllers/cat_controller.go:360.36,370.16 8 1
catapi/controllers/cat_controller.go:370.16,375.3 4 1
catapi/controllers/cat_controller.go:376.2,380.28 3 1
catapi/controllers/cat_controller.go:380.28,385.3 4 1
catapi/controllers/cat_controller.go:387.2,388.54 2 1
catapi/controllers/cat_controller.go:388.54,393.3 4 1
catapi/controllers/cat_controller.go:395.2,396.15 2 1
catapi/controllers/cat_controller.go:399.42,406.81 4 1
catapi/controllers/cat_controller.go:406.81,411.6 4 0
catapi/controllers/cat_controller.go:412.2,412.28 1 1
catapi/controllers/cat_controller.go:412.28,417.6 4 1
catapi/controllers/cat_controller.go:418.5,425.19 7 1
catapi/controllers/cat_controller.go:425.19,427.6 1 0
catapi/controllers/cat_controller.go:428.5,429.19 2 1
catapi/controllers/cat_controller.go:429.19,435.6 5 1
catapi/controllers/cat_controller.go:436.5,439.57 3 1
catapi/controllers/cat_controller.go:439.57,445.6 5 1
catapi/controllers/cat_controller.go:447.5,448.18 2 1
catapi/controllers/cat_controller.go:451.40,460.22 7 1
catapi/controllers/cat_controller.go:460.22,462.6 1 1
catapi/controllers/cat_controller.go:463.5,464.19 2 1
catapi/controllers/cat_controller.go:464.19,469.6 4 1
catapi/controllers/cat_controller.go:470.5,474.31 3 1
catapi/controllers/cat_controller.go:474.31,479.6 4 1
catapi/controllers/cat_controller.go:481.5,482.57 2 1
catapi/controllers/cat_controller.go:482.57,487.6 4 1
catapi/controllers/cat_controller.go:489.5,490.18 2 1
catapi/controllers/cat_controller.go:493.42,504.19 6 1
catapi/controllers/cat_controller.go:504.19,509.6 4 0
catapi/controllers/cat_controller.go:512.5,516.22 3 1
catapi/controllers/cat_controller.go:516.22,518.6 1 1
catapi/controllers/cat_controller.go:519.5,520.19 2 1
catapi/controllers/cat_controller.go:520.19,525.6 4 1
catapi/controllers/cat_controller.go:526.5,529.31 2 1
catapi/controllers/cat_controller.go:529.31,537.6 7 1
catapi/controllers/cat_controller.go:540.5,541.18 2 1
catapi/controllers/default.go:11.32,15.2 3 0
catapi/routers/router.go:8.13,19.2 9 1
